<?xml version="1.0" encoding="UTF-8"?>
<!-- Generated by org.testng.reporters.JUnitXMLReporter -->
<testsuite hostname="ADMINRG-8T4ONGU" ignored="0" name="Main Page Check" tests="3" failures="0" timestamp="22 cze 2017 18:10:47 GMT" time="15.834" errors="0">
  <testcase name="openMainPage" time="0.029" classname="pl.pracawregionie.tests.Test1RegisterUser"/>
  <testcase name="navigationToRegisterNewUserPage" time="1.544" classname="pl.pracawregionie.tests.Test1RegisterUser"/>
  <testcase name="registerNewUser" time="7.38" classname="pl.pracawregionie.tests.Test1RegisterUser"/>
</testsuite> <!-- Main Page Check -->
