<?xml version="1.0" encoding="UTF-8"?>
<!-- Generated by org.testng.reporters.JUnitXMLReporter -->
<testsuite hostname="ADMINRG-8T4ONGU" ignored="0" name="Default test" tests="5" failures="0" timestamp="27 cze 2017 17:05:45 GMT" time="35.105" errors="0">
  <testcase name="openMainPage" time="0.028" classname="pl.pracawregionie.tests.Test2RegisterEmployer"/>
  <testcase name="navigationToRegisterNewEmployerPage" time="1.654" classname="pl.pracawregionie.tests.Test2RegisterEmployer"/>
  <testcase name="registerNewEmployer" time="8.147" classname="pl.pracawregionie.tests.Test2RegisterEmployer"/>
  <testcase name="loginToEmailAccountAndConfirmRegistration" time="13.031" classname="pl.pracawregionie.tests.Test2RegisterEmployer"/>
  <testcase name="loginToAccount" time="4.757" classname="pl.pracawregionie.tests.Test2RegisterEmployer"/>
</testsuite> <!-- Default test -->
